{"/Users/gonzalo.berhouetecs.co.uk/training/tech_web_blog/server/src/controller.js": {"path":"/Users/gonzalo.berhouetecs.co.uk/training/tech_web_blog/server/src/controller.js","statementMap":{"0":{"start":{"line":1,"column":15},"end":{"line":1,"column":38}},"1":{"start":{"line":2,"column":16},"end":{"line":2,"column":36}},"2":{"start":{"line":4,"column":17},"end":{"line":9,"column":1}},"3":{"start":{"line":5,"column":2},"end":{"line":8,"column":5}},"4":{"start":{"line":6,"column":4},"end":{"line":6,"column":27}},"5":{"start":{"line":6,"column":15},"end":{"line":6,"column":27}},"6":{"start":{"line":7,"column":4},"end":{"line":7,"column":39}},"7":{"start":{"line":11,"column":21},"end":{"line":17,"column":1}},"8":{"start":{"line":12,"column":13},"end":{"line":12,"column":36}},"9":{"start":{"line":13,"column":2},"end":{"line":16,"column":5}},"10":{"start":{"line":14,"column":4},"end":{"line":14,"column":27}},"11":{"start":{"line":14,"column":15},"end":{"line":14,"column":27}},"12":{"start":{"line":15,"column":4},"end":{"line":15,"column":39}},"13":{"start":{"line":19,"column":17},"end":{"line":37,"column":1}},"14":{"start":{"line":20,"column":39},"end":{"line":20,"column":47}},"15":{"start":{"line":21,"column":2},"end":{"line":36,"column":3}},"16":{"start":{"line":22,"column":4},"end":{"line":33,"column":6}},"17":{"start":{"line":26,"column":8},"end":{"line":29,"column":9}},"18":{"start":{"line":27,"column":10},"end":{"line":27,"column":65}},"19":{"start":{"line":28,"column":10},"end":{"line":28,"column":17}},"20":{"start":{"line":30,"column":8},"end":{"line":30,"column":71}},"21":{"start":{"line":31,"column":8},"end":{"line":31,"column":15}},"22":{"start":{"line":35,"column":4},"end":{"line":35,"column":59}},"23":{"start":{"line":39,"column":19},"end":{"line":57,"column":1}},"24":{"start":{"line":40,"column":13},"end":{"line":40,"column":36}},"25":{"start":{"line":41,"column":2},"end":{"line":41,"column":18}},"26":{"start":{"line":42,"column":2},"end":{"line":56,"column":5}},"27":{"start":{"line":43,"column":24},"end":{"line":43,"column":44}},"28":{"start":{"line":44,"column":4},"end":{"line":47,"column":5}},"29":{"start":{"line":45,"column":6},"end":{"line":45,"column":70}},"30":{"start":{"line":46,"column":6},"end":{"line":46,"column":13}},"31":{"start":{"line":48,"column":4},"end":{"line":55,"column":7}},"32":{"start":{"line":49,"column":6},"end":{"line":52,"column":7}},"33":{"start":{"line":50,"column":8},"end":{"line":50,"column":63}},"34":{"start":{"line":51,"column":8},"end":{"line":51,"column":15}},"35":{"start":{"line":53,"column":6},"end":{"line":53,"column":55}},"36":{"start":{"line":54,"column":6},"end":{"line":54,"column":13}},"37":{"start":{"line":59,"column":19},"end":{"line":75,"column":1}},"38":{"start":{"line":60,"column":13},"end":{"line":60,"column":36}},"39":{"start":{"line":61,"column":22},"end":{"line":61,"column":30}},"40":{"start":{"line":62,"column":2},"end":{"line":74,"column":5}},"41":{"start":{"line":63,"column":24},"end":{"line":63,"column":44}},"42":{"start":{"line":64,"column":4},"end":{"line":67,"column":5}},"43":{"start":{"line":65,"column":6},"end":{"line":65,"column":42}},"44":{"start":{"line":66,"column":6},"end":{"line":66,"column":13}},"45":{"start":{"line":69,"column":4},"end":{"line":73,"column":7}},"46":{"start":{"line":70,"column":6},"end":{"line":70,"column":29}},"47":{"start":{"line":70,"column":17},"end":{"line":70,"column":29}},"48":{"start":{"line":71,"column":6},"end":{"line":71,"column":63}},"49":{"start":{"line":72,"column":6},"end":{"line":72,"column":13}},"50":{"start":{"line":77,"column":0},"end":{"line":77,"column":78}}},"fnMap":{"0":{"name":"(anonymous_0)","decl":{"start":{"line":4,"column":17},"end":{"line":4,"column":18}},"loc":{"start":{"line":4,"column":31},"end":{"line":9,"column":1}},"line":4},"1":{"name":"(anonymous_1)","decl":{"start":{"line":5,"column":33},"end":{"line":5,"column":34}},"loc":{"start":{"line":5,"column":53},"end":{"line":8,"column":3}},"line":5},"2":{"name":"(anonymous_2)","decl":{"start":{"line":11,"column":21},"end":{"line":11,"column":22}},"loc":{"start":{"line":11,"column":35},"end":{"line":17,"column":1}},"line":11},"3":{"name":"(anonymous_3)","decl":{"start":{"line":13,"column":43},"end":{"line":13,"column":44}},"loc":{"start":{"line":13,"column":63},"end":{"line":16,"column":3}},"line":13},"4":{"name":"(anonymous_4)","decl":{"start":{"line":19,"column":17},"end":{"line":19,"column":18}},"loc":{"start":{"line":19,"column":31},"end":{"line":37,"column":1}},"line":19},"5":{"name":"(anonymous_5)","decl":{"start":{"line":25,"column":6},"end":{"line":25,"column":7}},"loc":{"start":{"line":25,"column":26},"end":{"line":32,"column":7}},"line":25},"6":{"name":"(anonymous_6)","decl":{"start":{"line":39,"column":19},"end":{"line":39,"column":20}},"loc":{"start":{"line":39,"column":33},"end":{"line":57,"column":1}},"line":39},"7":{"name":"(anonymous_7)","decl":{"start":{"line":42,"column":43},"end":{"line":42,"column":44}},"loc":{"start":{"line":42,"column":63},"end":{"line":56,"column":3}},"line":42},"8":{"name":"(anonymous_8)","decl":{"start":{"line":48,"column":43},"end":{"line":48,"column":44}},"loc":{"start":{"line":48,"column":63},"end":{"line":55,"column":5}},"line":48},"9":{"name":"(anonymous_9)","decl":{"start":{"line":59,"column":19},"end":{"line":59,"column":20}},"loc":{"start":{"line":59,"column":33},"end":{"line":75,"column":1}},"line":59},"10":{"name":"(anonymous_10)","decl":{"start":{"line":62,"column":43},"end":{"line":62,"column":44}},"loc":{"start":{"line":62,"column":63},"end":{"line":74,"column":3}},"line":62},"11":{"name":"(anonymous_11)","decl":{"start":{"line":69,"column":52},"end":{"line":69,"column":53}},"loc":{"start":{"line":69,"column":72},"end":{"line":73,"column":5}},"line":69}},"branchMap":{"0":{"loc":{"start":{"line":6,"column":4},"end":{"line":6,"column":27}},"type":"if","locations":[{"start":{"line":6,"column":4},"end":{"line":6,"column":27}},{"start":{},"end":{}}],"line":6},"1":{"loc":{"start":{"line":14,"column":4},"end":{"line":14,"column":27}},"type":"if","locations":[{"start":{"line":14,"column":4},"end":{"line":14,"column":27}},{"start":{},"end":{}}],"line":14},"2":{"loc":{"start":{"line":21,"column":2},"end":{"line":36,"column":3}},"type":"if","locations":[{"start":{"line":21,"column":2},"end":{"line":36,"column":3}},{"start":{"line":34,"column":9},"end":{"line":36,"column":3}}],"line":21},"3":{"loc":{"start":{"line":21,"column":6},"end":{"line":21,"column":34}},"type":"binary-expr","locations":[{"start":{"line":21,"column":6},"end":{"line":21,"column":14}},{"start":{"line":21,"column":18},"end":{"line":21,"column":23}},{"start":{"line":21,"column":27},"end":{"line":21,"column":34}}],"line":21},"4":{"loc":{"start":{"line":26,"column":8},"end":{"line":29,"column":9}},"type":"if","locations":[{"start":{"line":26,"column":8},"end":{"line":29,"column":9}},{"start":{},"end":{}}],"line":26},"5":{"loc":{"start":{"line":44,"column":4},"end":{"line":47,"column":5}},"type":"if","locations":[{"start":{"line":44,"column":4},"end":{"line":47,"column":5}},{"start":{},"end":{}}],"line":44},"6":{"loc":{"start":{"line":49,"column":6},"end":{"line":52,"column":7}},"type":"if","locations":[{"start":{"line":49,"column":6},"end":{"line":52,"column":7}},{"start":{},"end":{}}],"line":49},"7":{"loc":{"start":{"line":64,"column":4},"end":{"line":67,"column":5}},"type":"if","locations":[{"start":{"line":64,"column":4},"end":{"line":67,"column":5}},{"start":{},"end":{}}],"line":64},"8":{"loc":{"start":{"line":70,"column":6},"end":{"line":70,"column":29}},"type":"if","locations":[{"start":{"line":70,"column":6},"end":{"line":70,"column":29}},{"start":{},"end":{}}],"line":70}},"s":{"0":1,"1":1,"2":1,"3":0,"4":0,"5":0,"6":0,"7":1,"8":0,"9":0,"10":0,"11":0,"12":0,"13":1,"14":2,"15":2,"16":1,"17":1,"18":0,"19":0,"20":1,"21":1,"22":1,"23":1,"24":1,"25":1,"26":1,"27":1,"28":1,"29":0,"30":0,"31":1,"32":1,"33":0,"34":0,"35":1,"36":1,"37":1,"38":0,"39":0,"40":0,"41":0,"42":0,"43":0,"44":0,"45":0,"46":0,"47":0,"48":0,"49":0,"50":1},"f":{"0":0,"1":0,"2":0,"3":0,"4":2,"5":1,"6":1,"7":1,"8":1,"9":0,"10":0,"11":0},"b":{"0":[0,0],"1":[0,0],"2":[1,1],"3":[2,1,1],"4":[0,1],"5":[0,1],"6":[0,1],"7":[0,0],"8":[0,0]},"_coverageSchema":"1a1c01bbd47fc00a2c39e90264f33305004495a9","hash":"86b5fe0505bdc6137436ba6736002456b86532b5"}
,"/Users/gonzalo.berhouetecs.co.uk/training/tech_web_blog/server/src/databasepg.js": {"path":"/Users/gonzalo.berhouetecs.co.uk/training/tech_web_blog/server/src/databasepg.js","statementMap":{"0":{"start":{"line":1,"column":19},"end":{"line":1,"column":32}},"1":{"start":{"line":3,"column":15},"end":{"line":8,"column":2}},"2":{"start":{"line":10,"column":0},"end":{"line":10,"column":17}},"3":{"start":{"line":12,"column":0},"end":{"line":12,"column":24}}},"fnMap":{},"branchMap":{},"s":{"0":1,"1":1,"2":1,"3":1},"f":{},"b":{},"_coverageSchema":"1a1c01bbd47fc00a2c39e90264f33305004495a9","hash":"f6e89e515a70c20d59cff0344ee461dfcbba902d"}
,"/Users/gonzalo.berhouetecs.co.uk/training/tech_web_blog/server/src/index.js": {"path":"/Users/gonzalo.berhouetecs.co.uk/training/tech_web_blog/server/src/index.js","statementMap":{"0":{"start":{"line":1,"column":16},"end":{"line":1,"column":34}},"1":{"start":{"line":2,"column":12},"end":{"line":2,"column":21}},"2":{"start":{"line":3,"column":20},"end":{"line":3,"column":45}},"3":{"start":{"line":4,"column":11},"end":{"line":4,"column":26}},"4":{"start":{"line":5,"column":0},"end":{"line":5,"column":16}},"5":{"start":{"line":7,"column":0},"end":{"line":7,"column":24}},"6":{"start":{"line":9,"column":0},"end":{"line":9,"column":52}},"7":{"start":{"line":9,"column":27},"end":{"line":9,"column":50}},"8":{"start":{"line":11,"column":0},"end":{"line":11,"column":35}},"9":{"start":{"line":13,"column":0},"end":{"line":13,"column":21}}},"fnMap":{"0":{"name":"(anonymous_0)","decl":{"start":{"line":9,"column":13},"end":{"line":9,"column":14}},"loc":{"start":{"line":9,"column":27},"end":{"line":9,"column":50}},"line":9}},"branchMap":{},"s":{"0":1,"1":1,"2":1,"3":1,"4":1,"5":1,"6":1,"7":1,"8":1,"9":1},"f":{"0":1},"b":{},"_coverageSchema":"1a1c01bbd47fc00a2c39e90264f33305004495a9","hash":"b56654e5464b9ea2b285184ad44845920969f52f"}
,"/Users/gonzalo.berhouetecs.co.uk/training/tech_web_blog/server/src/queries.js": {"path":"/Users/gonzalo.berhouetecs.co.uk/training/tech_web_blog/server/src/queries.js","statementMap":{"0":{"start":{"line":1,"column":17},"end":{"line":1,"column":38}},"1":{"start":{"line":2,"column":21},"end":{"line":2,"column":56}},"2":{"start":{"line":4,"column":2},"end":{"line":4,"column":68}},"3":{"start":{"line":5,"column":19},"end":{"line":5,"column":52}},"4":{"start":{"line":6,"column":19},"end":{"line":6,"column":64}},"5":{"start":{"line":8,"column":0},"end":{"line":14,"column":2}}},"fnMap":{},"branchMap":{},"s":{"0":1,"1":1,"2":1,"3":1,"4":1,"5":1},"f":{},"b":{},"_coverageSchema":"1a1c01bbd47fc00a2c39e90264f33305004495a9","hash":"7826c95837b9c6f619df599efc61014194b75885"}
,"/Users/gonzalo.berhouetecs.co.uk/training/tech_web_blog/server/src/routes/posts.js": {"path":"/Users/gonzalo.berhouetecs.co.uk/training/tech_web_blog/server/src/routes/posts.js","statementMap":{"0":{"start":{"line":1,"column":19},"end":{"line":1,"column":37}},"1":{"start":{"line":2,"column":15},"end":{"line":2,"column":27}},"2":{"start":{"line":3,"column":19},"end":{"line":3,"column":43}},"3":{"start":{"line":5,"column":0},"end":{"line":7,"column":3}},"4":{"start":{"line":6,"column":2},"end":{"line":6,"column":32}},"5":{"start":{"line":9,"column":0},"end":{"line":11,"column":3}},"6":{"start":{"line":10,"column":2},"end":{"line":10,"column":36}},"7":{"start":{"line":13,"column":0},"end":{"line":15,"column":3}},"8":{"start":{"line":14,"column":2},"end":{"line":14,"column":32}},"9":{"start":{"line":17,"column":0},"end":{"line":19,"column":3}},"10":{"start":{"line":18,"column":2},"end":{"line":18,"column":34}},"11":{"start":{"line":21,"column":0},"end":{"line":23,"column":3}},"12":{"start":{"line":22,"column":2},"end":{"line":22,"column":34}},"13":{"start":{"line":25,"column":0},"end":{"line":25,"column":24}}},"fnMap":{"0":{"name":"(anonymous_0)","decl":{"start":{"line":5,"column":16},"end":{"line":5,"column":17}},"loc":{"start":{"line":5,"column":30},"end":{"line":7,"column":1}},"line":5},"1":{"name":"(anonymous_1)","decl":{"start":{"line":9,"column":19},"end":{"line":9,"column":20}},"loc":{"start":{"line":9,"column":33},"end":{"line":11,"column":1}},"line":9},"2":{"name":"(anonymous_2)","decl":{"start":{"line":13,"column":20},"end":{"line":13,"column":21}},"loc":{"start":{"line":13,"column":34},"end":{"line":15,"column":1}},"line":13},"3":{"name":"(anonymous_3)","decl":{"start":{"line":17,"column":22},"end":{"line":17,"column":23}},"loc":{"start":{"line":17,"column":36},"end":{"line":19,"column":1}},"line":17},"4":{"name":"(anonymous_4)","decl":{"start":{"line":21,"column":19},"end":{"line":21,"column":20}},"loc":{"start":{"line":21,"column":33},"end":{"line":23,"column":1}},"line":21}},"branchMap":{},"s":{"0":1,"1":1,"2":1,"3":1,"4":0,"5":1,"6":0,"7":1,"8":2,"9":1,"10":1,"11":1,"12":0,"13":1},"f":{"0":0,"1":0,"2":2,"3":1,"4":0},"b":{},"_coverageSchema":"1a1c01bbd47fc00a2c39e90264f33305004495a9","hash":"6b36346bfd66d3c897edc6b5aa8fcea437619256"}
}
