TN:
SF:src/controller.js
FN:4,(anonymous_0)
FN:5,(anonymous_1)
FN:11,(anonymous_2)
FN:13,(anonymous_3)
FN:23,(anonymous_4)
FN:29,(anonymous_5)
FN:43,(anonymous_6)
FN:46,(anonymous_7)
FN:52,(anonymous_8)
FN:63,(anonymous_9)
FN:66,(anonymous_10)
FN:73,(anonymous_11)
FNF:12
FNH:8
FNDA:0,(anonymous_0)
FNDA:0,(anonymous_1)
FNDA:1,(anonymous_2)
FNDA:1,(anonymous_3)
FNDA:2,(anonymous_4)
FNDA:1,(anonymous_5)
FNDA:1,(anonymous_6)
FNDA:1,(anonymous_7)
FNDA:0,(anonymous_8)
FNDA:1,(anonymous_9)
FNDA:1,(anonymous_10)
FNDA:0,(anonymous_11)
DA:1,1
DA:2,1
DA:4,1
DA:5,0
DA:6,0
DA:7,0
DA:11,1
DA:12,1
DA:13,1
DA:14,1
DA:15,1
DA:16,1
DA:17,1
DA:19,0
DA:23,1
DA:24,2
DA:25,2
DA:26,1
DA:30,1
DA:31,0
DA:32,0
DA:34,1
DA:35,1
DA:39,1
DA:43,1
DA:44,1
DA:45,1
DA:46,1
DA:47,1
DA:48,1
DA:49,1
DA:50,1
DA:52,0
DA:53,0
DA:54,0
DA:55,0
DA:57,0
DA:58,0
DA:63,1
DA:64,1
DA:65,1
DA:66,1
DA:67,1
DA:68,1
DA:69,1
DA:70,1
DA:73,0
DA:74,0
DA:75,0
DA:76,0
DA:81,1
LF:51
LH:35
BRDA:6,0,0,0
BRDA:6,0,1,0
BRDA:15,1,0,1
BRDA:15,1,1,0
BRDA:25,2,0,1
BRDA:25,2,1,1
BRDA:25,3,0,2
BRDA:25,3,1,1
BRDA:25,3,2,1
BRDA:30,4,0,0
BRDA:30,4,1,1
BRDA:48,5,0,1
BRDA:48,5,1,0
BRDA:53,6,0,0
BRDA:53,6,1,0
BRDA:68,7,0,1
BRDA:68,7,1,0
BRDA:74,8,0,0
BRDA:74,8,1,0
BRF:19
BRH:9
end_of_record
TN:
SF:src/databasepg.js
FNF:0
FNH:0
DA:1,1
DA:3,1
DA:10,1
DA:12,1
LF:4
LH:4
BRF:0
BRH:0
end_of_record
TN:
SF:src/index.js
FN:9,(anonymous_0)
FNF:1
FNH:1
FNDA:1,(anonymous_0)
DA:1,1
DA:2,1
DA:3,1
DA:4,1
DA:5,1
DA:7,1
DA:9,1
DA:11,1
DA:13,1
LF:9
LH:9
BRF:0
BRH:0
end_of_record
TN:
SF:src/queries.js
FNF:0
FNH:0
DA:1,1
DA:2,1
DA:4,1
DA:5,1
DA:6,1
DA:8,1
LF:6
LH:6
BRF:0
BRH:0
end_of_record
TN:
SF:src/routes/posts.js
FN:5,(anonymous_0)
FN:9,(anonymous_1)
FN:13,(anonymous_2)
FN:17,(anonymous_3)
FN:21,(anonymous_4)
FNF:5
FNH:4
FNDA:0,(anonymous_0)
FNDA:1,(anonymous_1)
FNDA:2,(anonymous_2)
FNDA:1,(anonymous_3)
FNDA:1,(anonymous_4)
DA:1,1
DA:2,1
DA:3,1
DA:5,1
DA:6,0
DA:9,1
DA:10,1
DA:13,1
DA:14,2
DA:17,1
DA:18,1
DA:21,1
DA:22,1
DA:25,1
LF:14
LH:13
BRF:0
BRH:0
end_of_record
